09:19:11 **** Incremental Build of configuration Debug for project SizeofIntCharFloat ****
Info: Internal Builder is used for build
gcc -O0 -g3 -Wall -c -fmessage-length=0 -o "src\\SizeofIntCharFloat.o" "..\\src\\SizeofIntCharFloat.c" 
..\src\SizeofIntCharFloat.c: In function 'main':
..\src\SizeofIntCharFloat.c:16:30: warning: format '%u' expects argument of type 'unsigned int', but argument 2 has type 'long long unsigned int' [-Wformat=]
   16 |         printf("Size of int %u bytes",sizeof(int));
      |                             ~^        ~~~~~~~~~~~
      |                              |        |
      |                              |        long long unsigned int
      |                              unsigned int
      |                             %llu
gcc -o SizeofIntCharFloat.exe "src\\SizeofIntCharFloat.o" 
Info: Nothing to build for SizeofIntCharFloat
09:20:47 **** Incremental Build of configuration Debug for project SizeofIntCharFloat ****
Info: Internal Builder is used for build
gcc -O0 -g3 -Wall -c -fmessage-length=0 -o "src\\SizeofIntCharFloat.o" "..\\src\\SizeofIntCharFloat.c" 
..\src\SizeofIntCharFloat.c: In function 'main':
..\src\SizeofIntCharFloat.c:16:30: warning: format '%u' expects argument of type 'unsigned int', but argument 2 has type 'long long unsigned int' [-Wformat=]
   16 |         printf("Size of int %u bytes", sizeof(int));
      |                             ~^         ~~~~~~~~~~~
      |                              |         |
      |                              |         long long unsigned int
      |                              unsigned int
      |                             %llu
..\src\SizeofIntCharFloat.c:17:32: warning: format '%u' expects argument of type 'unsigned int', but argument 2 has type 'long long unsigned int' [-Wformat=]
   17 |         printf("Size of float %u bytes", sizeof(float));
      |                               ~^         ~~~~~~~~~~~~~
      |                                |         |
      |                                |         long long unsigned int
      |                                unsigned int
      |                               %llu
gcc -o SizeofIntCharFloat.exe "src\\SizeofIntCharFloat.o" 
09:21:02 **** Incremental Build of configuration Debug for project SizeofIntCharFloat ****
Info: Internal Builder is used for build
gcc -O0 -g3 -Wall -c -fmessage-length=0 -o "src\\SizeofIntCharFloat.o" "..\\src\\SizeofIntCharFloat.c" 
..\src\SizeofIntCharFloat.c: In function 'main':
..\src\SizeofIntCharFloat.c:16:30: warning: format '%u' expects argument of type 'unsigned int', but argument 2 has type 'long long unsigned int' [-Wformat=]
   16 |         printf("Size of int %u bytes \n", sizeof(int));
      |                             ~^            ~~~~~~~~~~~
      |                              |            |
      |                              unsigned int long long unsigned int
      |                             %llu
..\src\SizeofIntCharFloat.c:17:32: warning: format '%u' expects argument of type 'unsigned int', but argument 2 has type 'long long unsigned int' [-Wformat=]
   17 |         printf("Size of float %u bytes", sizeof(float));
      |                               ~^         ~~~~~~~~~~~~~
      |                                |         |
      |                                |         long long unsigned int
      |                                unsigned int
      |                               %llu
gcc -o SizeofIntCharFloat.exe "src\\SizeofIntCharFloat.o" 
09:28:19 **** Incremental Build of configuration Debug for project SizeofIntCharFloat ****
Info: Internal Builder is used for build
gcc -O0 -g3 -Wall -c -fmessage-length=0 -o "src\\SizeofIntCharFloat.o" "..\\src\\SizeofIntCharFloat.c" 
..\src\SizeofIntCharFloat.c: In function 'main':
..\src\SizeofIntCharFloat.c:16:30: warning: format '%u' expects argument of type 'unsigned int', but argument 2 has type 'long long unsigned int' [-Wformat=]
   16 |         printf("Size of int %u bytes \n", sizeof(int));
      |                             ~^            ~~~~~~~~~~~
      |                              |            |
      |                              unsigned int long long unsigned int
      |                             %llu
..\src\SizeofIntCharFloat.c:17:32: warning: format '%u' expects argument of type 'unsigned int', but argument 2 has type 'long long unsigned int' [-Wformat=]
   17 |         printf("Size of float %u bytes", sizeof(float));
      |                               ~^         ~~~~~~~~~~~~~
      |                                |         |
      |                                |         long long unsigned int
      |                                unsigned int
      |                               %llu
..\src\SizeofIntCharFloat.c:18:31: warning: format '%u' expects argument of type 'unsigned int', but argument 2 has type 'long long unsigned int' [-Wformat=]
   18 |         printf("Size of char %u bytes", sizeof(char));
      |                              ~^         ~~~~~~~~~~~~
      |                               |         |
      |                               |         long long unsigned int
      |                               unsigned int
      |                              %llu
..\src\SizeofIntCharFloat.c:19:33: warning: format '%u' expects argument of type 'unsigned int', but argument 2 has type 'long long unsigned int' [-Wformat=]
   19 |         printf("Size of double %u bytes", sizeof(double));
      |                                ~^         ~~~~~~~~~~~~~~
      |                                 |         |
      |                                 |         long long unsigned int
      |                                 unsigned int
      |                                %llu
gcc -o SizeofIntCharFloat.exe "src\\SizeofIntCharFloat.o" 
09:29:18 **** Incremental Build of configuration Debug for project SizeofIntCharFloat ****
Info: Internal Builder is used for build
gcc -O0 -g3 -Wall -c -fmessage-length=0 -o "src\\SizeofIntCharFloat.o" "..\\src\\SizeofIntCharFloat.c" 
..\src\SizeofIntCharFloat.c: In function 'main':
..\src\SizeofIntCharFloat.c:16:30: warning: format '%u' expects argument of type 'unsigned int', but argument 2 has type 'long long unsigned int' [-Wformat=]
   16 |         printf("Size of int %u bytes \n", sizeof(int));
      |                             ~^            ~~~~~~~~~~~
      |                              |            |
      |                              unsigned int long long unsigned int
      |                             %llu
..\src\SizeofIntCharFloat.c:17:32: warning: format '%u' expects argument of type 'unsigned int', but argument 2 has type 'long long unsigned int' [-Wformat=]
   17 |         printf("Size of float %u bytes \n", sizeof(float));
      |                               ~^            ~~~~~~~~~~~~~
      |                                |            |
      |                                unsigned int long long unsigned int
      |                               %llu
..\src\SizeofIntCharFloat.c:18:31: warning: format '%u' expects argument of type 'unsigned int', but argument 2 has type 'long long unsigned int' [-Wformat=]
   18 |         printf("Size of char %u bytes \n", sizeof(char));
      |                              ~^            ~~~~~~~~~~~~
      |                               |            |
      |                               unsigned int long long unsigned int
      |                              %llu
..\src\SizeofIntCharFloat.c:19:33: warning: format '%u' expects argument of type 'unsigned int', but argument 2 has type 'long long unsigned int' [-Wformat=]
   19 |         printf("Size of double %u bytes", sizeof(double));
      |                                ~^         ~~~~~~~~~~~~~~
      |                                 |         |
      |                                 |         long long unsigned int
      |                                 unsigned int
      |                                %llu
gcc -o SizeofIntCharFloat.exe "src\\SizeofIntCharFloat.o" 
09:30:52 **** Incremental Build of configuration Debug for project SizeofIntCharFloat ****
Info: Internal Builder is used for build
gcc -O0 -g3 -Wall -c -fmessage-length=0 -o "src\\SizeofIntCharFloat.o" "..\\src\\SizeofIntCharFloat.c" 
..\src\SizeofIntCharFloat.c: In function 'main':
..\src\SizeofIntCharFloat.c:16:30: warning: format '%u' expects argument of type 'unsigned int', but argument 2 has type 'long long unsigned int' [-Wformat=]
   16 |         printf("Size of int %u bytes \n", sizeof(int));
      |                             ~^            ~~~~~~~~~~~
      |                              |            |
      |                              unsigned int long long unsigned int
      |                             %llu
..\src\SizeofIntCharFloat.c:17:32: warning: format '%u' expects argument of type 'unsigned int', but argument 2 has type 'long long unsigned int' [-Wformat=]
   17 |         printf("Size of float %u bytes \n", sizeof(float));
      |                               ~^            ~~~~~~~~~~~~~
      |                                |            |
      |                                unsigned int long long unsigned int
      |                               %llu
..\src\SizeofIntCharFloat.c:18:31: warning: format '%u' expects argument of type 'unsigned int', but argument 2 has type 'long long unsigned int' [-Wformat=]
   18 |         printf("Size of char %u bytes \n", sizeof(char));
      |                              ~^            ~~~~~~~~~~~~
      |                               |            |
      |                               unsigned int long long unsigned int
      |                              %llu
..\src\SizeofIntCharFloat.c:19:33: warning: format '%u' expects argument of type 'unsigned int', but argument 2 has type 'long long unsigned int' [-Wformat=]
   19 |         printf("Size of double %u bytes", sizeof(double));
      |                                ~^         ~~~~~~~~~~~~~~
      |                                 |         |
      |                                 |         long long unsigned int
      |                                 unsigned int
      |                                %llu
..\src\SizeofIntCharFloat.c:20:35: warning: format '%u' expects argument of type 'unsigned int', but argument 2 has type 'long long unsigned int' [-Wformat=]
   20 |         printf("Size of long int %u bytes", sizeof(long int));
      |                                  ~^         ~~~~~~~~~~~~~~~~
      |                                   |         |
      |                                   |         long long unsigned int
      |                                   unsigned int
      |                                  %llu
gcc -o SizeofIntCharFloat.exe "src\\SizeofIntCharFloat.o" 
09:31:09 **** Incremental Build of configuration Debug for project SizeofIntCharFloat ****
Info: Internal Builder is used for build
gcc -O0 -g3 -Wall -c -fmessage-length=0 -o "src\\SizeofIntCharFloat.o" "..\\src\\SizeofIntCharFloat.c" 
..\src\SizeofIntCharFloat.c: In function 'main':
..\src\SizeofIntCharFloat.c:16:30: warning: format '%u' expects argument of type 'unsigned int', but argument 2 has type 'long long unsigned int' [-Wformat=]
   16 |         printf("Size of int %u bytes \n", sizeof(int));
      |                             ~^            ~~~~~~~~~~~
      |                              |            |
      |                              unsigned int long long unsigned int
      |                             %llu
..\src\SizeofIntCharFloat.c:17:32: warning: format '%u' expects argument of type 'unsigned int', but argument 2 has type 'long long unsigned int' [-Wformat=]
   17 |         printf("Size of float %u bytes \n", sizeof(float));
      |                               ~^            ~~~~~~~~~~~~~
      |                                |            |
      |                                unsigned int long long unsigned int
      |                               %llu
..\src\SizeofIntCharFloat.c:18:31: warning: format '%u' expects argument of type 'unsigned int', but argument 2 has type 'long long unsigned int' [-Wformat=]
   18 |         printf("Size of char %u bytes \n", sizeof(char));
      |                              ~^            ~~~~~~~~~~~~
      |                               |            |
      |                               unsigned int long long unsigned int
      |                              %llu
..\src\SizeofIntCharFloat.c:19:33: warning: format '%u' expects argument of type 'unsigned int', but argument 2 has type 'long long unsigned int' [-Wformat=]
   19 |         printf("Size of double %u bytes \n", sizeof(double));
      |                                ~^            ~~~~~~~~~~~~~~
      |                                 |            |
      |                                 unsigned int long long unsigned int
      |                                %llu
..\src\SizeofIntCharFloat.c:20:35: warning: format '%u' expects argument of type 'unsigned int', but argument 2 has type 'long long unsigned int' [-Wformat=]
   20 |         printf("Size of long int %u bytes", sizeof(long int));
      |                                  ~^         ~~~~~~~~~~~~~~~~
      |                                   |         |
      |                                   |         long long unsigned int
      |                                   unsigned int
      |                                  %llu
gcc -o SizeofIntCharFloat.exe "src\\SizeofIntCharFloat.o" 
